<?xml version="1.0" ?>
<!DOCTYPE coverage
  SYSTEM 'http://cobertura.sourceforge.net/xml/coverage-03.dtd'>
<coverage branch-rate="0.0" line-rate="1.0" timestamp="1483962113" version="gcovr 3.3">
<sources>
<source>build</source>
</sources>
<packages>
<package branch-rate="0.0" complexity="0.0" line-rate="1.0" name="">
<classes>
<class branch-rate="0.0" complexity="0.0" filename="add.c" line-rate="1.0" name="add_c">
<methods/>
<lines>
<line branch="false" hits="1" number="3"/>
<line branch="false" hits="1" number="5"/>
</lines>
</class>
</classes>
</package>
</packages>
</coverage>

