<?xml version="1.0" encoding="UTF-8"?>
<testsuites tests="1" failures="1" disabled="0" errors="0" timestamp="2017-01-09T20:18:14" time="0" name="AllTests">
  <testsuite name="AddTest" tests="1" failures="1" disabled="0" errors="0" time="0">
    <testcase name="onePlusTwoGivesThree" status="run" time="0" classname="AddTest">
      <failure message="build/add_test.cc:5&#x0A;      Expected: 3&#x0A;To be equal to: add(1,2)&#x0A;      Which is: 0" type=""><![CDATA[build/add_test.cc:5
      Expected: 3
To be equal to: add(1,2)
      Which is: 0]]></failure>
    </testcase>
  </testsuite>
</testsuites>
